ERROR - 2026-03-31 14:08:27 --> mysqli_sql_exception: Can't DROP 'submissions_graded_by_foreign'; check that column/key exists in C:\xampp\htdocs\MGOD-LMS\system\Database\MySQLi\Connection.php:327
Stack trace:
#0 C:\xampp\htdocs\MGOD-LMS\system\Database\MySQLi\Connection.php(327): mysqli->query('ALTER TABLE `su...', 0)
#1 C:\xampp\htdocs\MGOD-LMS\system\Database\BaseConnection.php(729): CodeIgniter\Database\MySQLi\Connection->execute('ALTER TABLE `su...')
#2 C:\xampp\htdocs\MGOD-LMS\system\Database\BaseConnection.php(646): CodeIgniter\Database\BaseConnection->simpleQuery('ALTER TABLE `su...')
#3 C:\xampp\htdocs\MGOD-LMS\system\Database\Forge.php(539): CodeIgniter\Database\BaseConnection->query('ALTER TABLE `su...')
#4 C:\xampp\htdocs\MGOD-LMS\app\Database\Migrations\2025-12-14-000001_AddGradingFieldsToSubmissions.php(45): CodeIgniter\Database\Forge->dropForeignKey('submissions', 'submissions_gra...')
#5 C:\xampp\htdocs\MGOD-LMS\system\Database\MigrationRunner.php(876): App\Database\Migrations\AddGradingFieldsToSubmissions->down()
#6 C:\xampp\htdocs\MGOD-LMS\system\Database\MigrationRunner.php(289): CodeIgniter\Database\MigrationRunner->migrate('down', Object(stdClass))
#7 C:\xampp\htdocs\MGOD-LMS\system\Commands\Database\MigrateRollback.php(101): CodeIgniter\Database\MigrationRunner->regress(0)
#8 C:\xampp\htdocs\MGOD-LMS\system\CLI\Commands.php(74): CodeIgniter\Commands\Database\MigrateRollback->run(Array)
#9 C:\xampp\htdocs\MGOD-LMS\system\CLI\BaseCommand.php(119): CodeIgniter\CLI\Commands->run('migrate:rollbac...', Array)
#10 C:\xampp\htdocs\MGOD-LMS\system\Commands\Database\MigrateRefresh.php(86): CodeIgniter\CLI\BaseCommand->call('migrate:rollbac...', Array)
#11 C:\xampp\htdocs\MGOD-LMS\system\CLI\Commands.php(74): CodeIgniter\Commands\Database\MigrateRefresh->run(Array)
#12 C:\xampp\htdocs\MGOD-LMS\system\CLI\Console.php(47): CodeIgniter\CLI\Commands->run('migrate:refresh', Array)
#13 C:\xampp\htdocs\MGOD-LMS\system\Boot.php(388): CodeIgniter\CLI\Console->run()
#14 C:\xampp\htdocs\MGOD-LMS\system\Boot.php(133): CodeIgniter\Boot::runCommand(Object(CodeIgniter\CLI\Console))
#15 C:\xampp\htdocs\MGOD-LMS\spark(87): CodeIgniter\Boot::bootSpark(Object(Config\Paths))
#16 {main}
ERROR - 2026-03-31 14:10:30 --> mysqli_sql_exception: Unknown column 'max_students' in 'field list' in C:\xampp\htdocs\MGOD-LMS\system\Database\MySQLi\Connection.php:327
Stack trace:
#0 C:\xampp\htdocs\MGOD-LMS\system\Database\MySQLi\Connection.php(327): mysqli->query('INSERT INTO `co...', 0)
#1 C:\xampp\htdocs\MGOD-LMS\system\Database\BaseConnection.php(729): CodeIgniter\Database\MySQLi\Connection->execute('INSERT INTO `co...')
#2 C:\xampp\htdocs\MGOD-LMS\system\Database\BaseConnection.php(646): CodeIgniter\Database\BaseConnection->simpleQuery('INSERT INTO `co...')
#3 C:\xampp\htdocs\MGOD-LMS\system\Database\BaseBuilder.php(2345): CodeIgniter\Database\BaseConnection->query('INSERT INTO `co...', Array, false)
#4 C:\xampp\htdocs\MGOD-LMS\app\Database\Seeds\CourseSeeder.php(87): CodeIgniter\Database\BaseBuilder->insert(Array)
#5 C:\xampp\htdocs\MGOD-LMS\system\Database\Seeder.php(149): App\Database\Seeds\CourseSeeder->run()
#6 C:\xampp\htdocs\MGOD-LMS\app\Database\Seeds\MainSeeder.php(49): CodeIgniter\Database\Seeder->call('App\\Database\\Se...')
#7 C:\xampp\htdocs\MGOD-LMS\system\Database\Seeder.php(149): App\Database\Seeds\MainSeeder->run()
#8 C:\xampp\htdocs\MGOD-LMS\system\Commands\Database\Seed.php(79): CodeIgniter\Database\Seeder->call('App\\Database\\Se...')
#9 C:\xampp\htdocs\MGOD-LMS\system\CLI\Commands.php(74): CodeIgniter\Commands\Database\Seed->run(Array)
#10 C:\xampp\htdocs\MGOD-LMS\system\CLI\Console.php(47): CodeIgniter\CLI\Commands->run('db:seed', Array)
#11 C:\xampp\htdocs\MGOD-LMS\system\Boot.php(388): CodeIgniter\CLI\Console->run()
#12 C:\xampp\htdocs\MGOD-LMS\system\Boot.php(133): CodeIgniter\Boot::runCommand(Object(CodeIgniter\CLI\Console))
#13 C:\xampp\htdocs\MGOD-LMS\spark(87): CodeIgniter\Boot::bootSpark(Object(Config\Paths))
#14 {main}
ERROR - 2026-03-31 14:11:05 --> mysqli_sql_exception: Can't DROP 'submissions_graded_by_foreign'; check that column/key exists in C:\xampp\htdocs\MGOD-LMS\system\Database\MySQLi\Connection.php:327
Stack trace:
#0 C:\xampp\htdocs\MGOD-LMS\system\Database\MySQLi\Connection.php(327): mysqli->query('ALTER TABLE `su...', 0)
#1 C:\xampp\htdocs\MGOD-LMS\system\Database\BaseConnection.php(729): CodeIgniter\Database\MySQLi\Connection->execute('ALTER TABLE `su...')
#2 C:\xampp\htdocs\MGOD-LMS\system\Database\BaseConnection.php(646): CodeIgniter\Database\BaseConnection->simpleQuery('ALTER TABLE `su...')
#3 C:\xampp\htdocs\MGOD-LMS\system\Database\Forge.php(539): CodeIgniter\Database\BaseConnection->query('ALTER TABLE `su...')
#4 C:\xampp\htdocs\MGOD-LMS\app\Database\Migrations\2025-12-14-000001_AddGradingFieldsToSubmissions.php(45): CodeIgniter\Database\Forge->dropForeignKey('submissions', 'submissions_gra...')
#5 C:\xampp\htdocs\MGOD-LMS\system\Database\MigrationRunner.php(876): App\Database\Migrations\AddGradingFieldsToSubmissions->down()
#6 C:\xampp\htdocs\MGOD-LMS\system\Database\MigrationRunner.php(289): CodeIgniter\Database\MigrationRunner->migrate('down', Object(stdClass))
#7 C:\xampp\htdocs\MGOD-LMS\system\Commands\Database\MigrateRollback.php(101): CodeIgniter\Database\MigrationRunner->regress(0)
#8 C:\xampp\htdocs\MGOD-LMS\system\CLI\Commands.php(74): CodeIgniter\Commands\Database\MigrateRollback->run(Array)
#9 C:\xampp\htdocs\MGOD-LMS\system\CLI\BaseCommand.php(119): CodeIgniter\CLI\Commands->run('migrate:rollbac...', Array)
#10 C:\xampp\htdocs\MGOD-LMS\system\Commands\Database\MigrateRefresh.php(86): CodeIgniter\CLI\BaseCommand->call('migrate:rollbac...', Array)
#11 C:\xampp\htdocs\MGOD-LMS\system\CLI\Commands.php(74): CodeIgniter\Commands\Database\MigrateRefresh->run(Array)
#12 C:\xampp\htdocs\MGOD-LMS\system\CLI\Console.php(47): CodeIgniter\CLI\Commands->run('migrate:refresh', Array)
#13 C:\xampp\htdocs\MGOD-LMS\system\Boot.php(388): CodeIgniter\CLI\Console->run()
#14 C:\xampp\htdocs\MGOD-LMS\system\Boot.php(133): CodeIgniter\Boot::runCommand(Object(CodeIgniter\CLI\Console))
#15 C:\xampp\htdocs\MGOD-LMS\spark(87): CodeIgniter\Boot::bootSpark(Object(Config\Paths))
#16 {main}
ERROR - 2026-03-31 14:11:45 --> mysqli_sql_exception: Unknown column 'max_students' in 'field list' in C:\xampp\htdocs\MGOD-LMS\system\Database\MySQLi\Connection.php:327
Stack trace:
#0 C:\xampp\htdocs\MGOD-LMS\system\Database\MySQLi\Connection.php(327): mysqli->query('INSERT INTO `co...', 0)
#1 C:\xampp\htdocs\MGOD-LMS\system\Database\BaseConnection.php(729): CodeIgniter\Database\MySQLi\Connection->execute('INSERT INTO `co...')
#2 C:\xampp\htdocs\MGOD-LMS\system\Database\BaseConnection.php(646): CodeIgniter\Database\BaseConnection->simpleQuery('INSERT INTO `co...')
#3 C:\xampp\htdocs\MGOD-LMS\system\Database\BaseBuilder.php(2345): CodeIgniter\Database\BaseConnection->query('INSERT INTO `co...', Array, false)
#4 C:\xampp\htdocs\MGOD-LMS\app\Database\Seeds\CourseSeeder.php(87): CodeIgniter\Database\BaseBuilder->insert(Array)
#5 C:\xampp\htdocs\MGOD-LMS\system\Database\Seeder.php(149): App\Database\Seeds\CourseSeeder->run()
#6 C:\xampp\htdocs\MGOD-LMS\app\Database\Seeds\MainSeeder.php(49): CodeIgniter\Database\Seeder->call('App\\Database\\Se...')
#7 C:\xampp\htdocs\MGOD-LMS\system\Database\Seeder.php(149): App\Database\Seeds\MainSeeder->run()
#8 C:\xampp\htdocs\MGOD-LMS\system\Commands\Database\Seed.php(79): CodeIgniter\Database\Seeder->call('App\\Database\\Se...')
#9 C:\xampp\htdocs\MGOD-LMS\system\CLI\Commands.php(74): CodeIgniter\Commands\Database\Seed->run(Array)
#10 C:\xampp\htdocs\MGOD-LMS\system\CLI\Console.php(47): CodeIgniter\CLI\Commands->run('db:seed', Array)
#11 C:\xampp\htdocs\MGOD-LMS\system\Boot.php(388): CodeIgniter\CLI\Console->run()
#12 C:\xampp\htdocs\MGOD-LMS\system\Boot.php(133): CodeIgniter\Boot::runCommand(Object(CodeIgniter\CLI\Console))
#13 C:\xampp\htdocs\MGOD-LMS\spark(87): CodeIgniter\Boot::bootSpark(Object(Config\Paths))
#14 {main}
