CRITICAL - 2026-04-02 15:24:46 --> CodeIgniter\Filters\Exceptions\FilterException: "auth" filter must have a matching alias defined.
[Method: CLI, Route: routes]
in SYSTEMPATH\Filters\Filters.php on line 590.
 1 SYSTEMPATH\Filters\Filters.php(590): CodeIgniter\Filters\Exceptions\FilterException::forNoAlias('auth')
 2 SYSTEMPATH\Filters\Filters.php(641): CodeIgniter\Filters\Filters->enableFilter('auth', 'before')
 3 SYSTEMPATH\Commands\Utilities\Routes\FilterFinder.php(58): CodeIgniter\Filters\Filters->enableFilters([...], 'before')
 4 SYSTEMPATH\Commands\Utilities\Routes\FilterCollector.php(78): CodeIgniter\Commands\Utilities\Routes\FilterFinder->find('student/gradebook')
 5 SYSTEMPATH\Commands\Utilities\Routes.php(113): CodeIgniter\Commands\Utilities\Routes\FilterCollector->get('GET', 'student/gradebook')
 6 SYSTEMPATH\CLI\Commands.php(74): CodeIgniter\Commands\Utilities\Routes->run([])
 7 SYSTEMPATH\CLI\Console.php(47): CodeIgniter\CLI\Commands->run('routes', [])
 8 SYSTEMPATH\Boot.php(388): CodeIgniter\CLI\Console->run()
 9 SYSTEMPATH\Boot.php(133): CodeIgniter\Boot::runCommand(Object(CodeIgniter\CLI\Console))
10 ROOTPATH\spark(87): CodeIgniter\Boot::bootSpark(Object(Config\Paths))
CRITICAL - 2026-04-02 15:26:10 --> CodeIgniter\Filters\Exceptions\FilterException: "auth" filter must have a matching alias defined.
[Method: CLI, Route: routes]
in SYSTEMPATH\Filters\Filters.php on line 590.
 1 SYSTEMPATH\Filters\Filters.php(590): CodeIgniter\Filters\Exceptions\FilterException::forNoAlias('auth')
 2 SYSTEMPATH\Filters\Filters.php(641): CodeIgniter\Filters\Filters->enableFilter('auth', 'before')
 3 SYSTEMPATH\Commands\Utilities\Routes\FilterFinder.php(58): CodeIgniter\Filters\Filters->enableFilters([...], 'before')
 4 SYSTEMPATH\Commands\Utilities\Routes\FilterCollector.php(78): CodeIgniter\Commands\Utilities\Routes\FilterFinder->find('student/gradebook')
 5 SYSTEMPATH\Commands\Utilities\Routes.php(113): CodeIgniter\Commands\Utilities\Routes\FilterCollector->get('GET', 'student/gradebook')
 6 SYSTEMPATH\CLI\Commands.php(74): CodeIgniter\Commands\Utilities\Routes->run([])
 7 SYSTEMPATH\CLI\Console.php(47): CodeIgniter\CLI\Commands->run('routes', [])
 8 SYSTEMPATH\Boot.php(388): CodeIgniter\CLI\Console->run()
 9 SYSTEMPATH\Boot.php(133): CodeIgniter\Boot::runCommand(Object(CodeIgniter\CLI\Console))
10 ROOTPATH\spark(87): CodeIgniter\Boot::bootSpark(Object(Config\Paths))
CRITICAL - 2026-04-02 15:26:11 --> CodeIgniter\Filters\Exceptions\FilterException: "auth" filter must have a matching alias defined.
[Method: CLI, Route: routes]
in SYSTEMPATH\Filters\Filters.php on line 590.
 1 SYSTEMPATH\Filters\Filters.php(590): CodeIgniter\Filters\Exceptions\FilterException::forNoAlias('auth')
 2 SYSTEMPATH\Filters\Filters.php(641): CodeIgniter\Filters\Filters->enableFilter('auth', 'before')
 3 SYSTEMPATH\Commands\Utilities\Routes\FilterFinder.php(58): CodeIgniter\Filters\Filters->enableFilters([...], 'before')
 4 SYSTEMPATH\Commands\Utilities\Routes\FilterCollector.php(78): CodeIgniter\Commands\Utilities\Routes\FilterFinder->find('student/gradebook')
 5 SYSTEMPATH\Commands\Utilities\Routes.php(113): CodeIgniter\Commands\Utilities\Routes\FilterCollector->get('GET', 'student/gradebook')
 6 SYSTEMPATH\CLI\Commands.php(74): CodeIgniter\Commands\Utilities\Routes->run([])
 7 SYSTEMPATH\CLI\Console.php(47): CodeIgniter\CLI\Commands->run('routes', [])
 8 SYSTEMPATH\Boot.php(388): CodeIgniter\CLI\Console->run()
 9 SYSTEMPATH\Boot.php(133): CodeIgniter\Boot::runCommand(Object(CodeIgniter\CLI\Console))
10 ROOTPATH\spark(87): CodeIgniter\Boot::bootSpark(Object(Config\Paths))
CRITICAL - 2026-04-02 15:27:19 --> CodeIgniter\Filters\Exceptions\FilterException: "auth" filter must have a matching alias defined.
[Method: CLI, Route: routes]
in SYSTEMPATH\Filters\Filters.php on line 590.
 1 SYSTEMPATH\Filters\Filters.php(590): CodeIgniter\Filters\Exceptions\FilterException::forNoAlias('auth')
 2 SYSTEMPATH\Filters\Filters.php(641): CodeIgniter\Filters\Filters->enableFilter('auth', 'before')
 3 SYSTEMPATH\Commands\Utilities\Routes\FilterFinder.php(58): CodeIgniter\Filters\Filters->enableFilters([...], 'before')
 4 SYSTEMPATH\Commands\Utilities\Routes\FilterCollector.php(78): CodeIgniter\Commands\Utilities\Routes\FilterFinder->find('student/gradebook')
 5 SYSTEMPATH\Commands\Utilities\Routes.php(113): CodeIgniter\Commands\Utilities\Routes\FilterCollector->get('GET', 'student/gradebook')
 6 SYSTEMPATH\CLI\Commands.php(74): CodeIgniter\Commands\Utilities\Routes->run([])
 7 SYSTEMPATH\CLI\Console.php(47): CodeIgniter\CLI\Commands->run('routes', [])
 8 SYSTEMPATH\Boot.php(388): CodeIgniter\CLI\Console->run()
 9 SYSTEMPATH\Boot.php(133): CodeIgniter\Boot::runCommand(Object(CodeIgniter\CLI\Console))
10 ROOTPATH\spark(87): CodeIgniter\Boot::bootSpark(Object(Config\Paths))
CRITICAL - 2026-04-02 15:27:39 --> CodeIgniter\Filters\Exceptions\FilterException: "auth" filter must have a matching alias defined.
[Method: CLI, Route: routes]
in SYSTEMPATH\Filters\Filters.php on line 590.
 1 SYSTEMPATH\Filters\Filters.php(590): CodeIgniter\Filters\Exceptions\FilterException::forNoAlias('auth')
 2 SYSTEMPATH\Filters\Filters.php(641): CodeIgniter\Filters\Filters->enableFilter('auth', 'before')
 3 SYSTEMPATH\Commands\Utilities\Routes\FilterFinder.php(58): CodeIgniter\Filters\Filters->enableFilters([...], 'before')
 4 SYSTEMPATH\Commands\Utilities\Routes\FilterCollector.php(78): CodeIgniter\Commands\Utilities\Routes\FilterFinder->find('student/gradebook')
 5 SYSTEMPATH\Commands\Utilities\Routes.php(113): CodeIgniter\Commands\Utilities\Routes\FilterCollector->get('GET', 'student/gradebook')
 6 SYSTEMPATH\CLI\Commands.php(74): CodeIgniter\Commands\Utilities\Routes->run([])
 7 SYSTEMPATH\CLI\Console.php(47): CodeIgniter\CLI\Commands->run('routes', [])
 8 SYSTEMPATH\Boot.php(388): CodeIgniter\CLI\Console->run()
 9 SYSTEMPATH\Boot.php(133): CodeIgniter\Boot::runCommand(Object(CodeIgniter\CLI\Console))
10 ROOTPATH\spark(87): CodeIgniter\Boot::bootSpark(Object(Config\Paths))
CRITICAL - 2026-04-02 15:42:50 --> ErrorException: Access level to SubmissionModelEnrollmentJoinTest::$db must be protected (as in class CodeIgniter\Test\CIUnitTestCase) or weaker
[Method: GET, Route: /]
in ROOTPATH\tests\unit\SubmissionModelEnrollmentJoinTest.php on line 10.
 1 [internal function]: CodeIgniter\Debug\Exceptions->shutdownHandler()
ERROR - 2026-04-02 15:43:32 --> SQLite3Exception: Unable to prepare statement: no such column: student_id in C:\xampp\htdocs\MGOD-LMS\system\Database\SQLite3\Connection.php:176
Stack trace:
#0 C:\xampp\htdocs\MGOD-LMS\system\Database\SQLite3\Connection.php(176): SQLite3->query('SELECT *\nFROM `...')
#1 C:\xampp\htdocs\MGOD-LMS\system\Database\BaseConnection.php(729): CodeIgniter\Database\SQLite3\Connection->execute('SELECT *\nFROM `...')
#2 C:\xampp\htdocs\MGOD-LMS\system\Database\BaseConnection.php(646): CodeIgniter\Database\BaseConnection->simpleQuery('SELECT *\nFROM `...')
#3 C:\xampp\htdocs\MGOD-LMS\system\Database\BaseBuilder.php(1649): CodeIgniter\Database\BaseConnection->query('SELECT *\nFROM `...', Array, false)
#4 C:\xampp\htdocs\MGOD-LMS\system\Model.php(330): CodeIgniter\Database\BaseBuilder->get()
#5 C:\xampp\htdocs\MGOD-LMS\system\BaseModel.php(715): CodeIgniter\Model->doFirst()
#6 C:\xampp\htdocs\MGOD-LMS\app\Models\SubmissionModel.php(170): CodeIgniter\BaseModel->first()
#7 C:\xampp\htdocs\MGOD-LMS\tests\unit\SubmissionModelEnrollmentJoinTest.php(28): App\Models\SubmissionModel->getStudentSubmission(20, 10)
#8 C:\xampp\htdocs\MGOD-LMS\vendor\phpunit\phpunit\src\Framework\TestCase.php(1667): SubmissionModelEnrollmentJoinTest->testStudentSubmissionQueriesUseEnrollmentLink()
#9 C:\xampp\htdocs\MGOD-LMS\vendor\phpunit\phpunit\src\Framework\TestCase.php(519): PHPUnit\Framework\TestCase->runTest()
#10 C:\xampp\htdocs\MGOD-LMS\vendor\phpunit\phpunit\src\Framework\TestRunner\TestRunner.php(87): PHPUnit\Framework\TestCase->runBare()
#11 C:\xampp\htdocs\MGOD-LMS\vendor\phpunit\phpunit\src\Framework\TestCase.php(365): PHPUnit\Framework\TestRunner->run(Object(SubmissionModelEnrollmentJoinTest))
#12 C:\xampp\htdocs\MGOD-LMS\vendor\phpunit\phpunit\src\Framework\TestSuite.php(369): PHPUnit\Framework\TestCase->run()
#13 C:\xampp\htdocs\MGOD-LMS\vendor\phpunit\phpunit\src\Framework\TestSuite.php(369): PHPUnit\Framework\TestSuite->run()
#14 C:\xampp\htdocs\MGOD-LMS\vendor\phpunit\phpunit\src\Framework\TestSuite.php(369): PHPUnit\Framework\TestSuite->run()
#15 C:\xampp\htdocs\MGOD-LMS\vendor\phpunit\phpunit\src\TextUI\TestRunner.php(64): PHPUnit\Framework\TestSuite->run()
#16 C:\xampp\htdocs\MGOD-LMS\vendor\phpunit\phpunit\src\TextUI\Application.php(211): PHPUnit\TextUI\TestRunner->run(Object(PHPUnit\TextUI\Configuration\Configuration), Object(PHPUnit\Runner\ResultCache\DefaultResultCache), Object(PHPUnit\Framework\TestSuite))
#17 C:\xampp\htdocs\MGOD-LMS\vendor\phpunit\phpunit\phpunit(104): PHPUnit\TextUI\Application->run(Array)
#18 C:\xampp\htdocs\MGOD-LMS\vendor\bin\phpunit(122): include('C:\\xampp\\htdocs...')
#19 {main}
ERROR - 2026-04-02 15:43:32 --> SQLite3Exception: Unable to prepare statement: no such column: db_submissions.student_id in C:\xampp\htdocs\MGOD-LMS\system\Database\SQLite3\Connection.php:176
Stack trace:
#0 C:\xampp\htdocs\MGOD-LMS\system\Database\SQLite3\Connection.php(176): SQLite3->query('SELECT COUNT(*)...')
#1 C:\xampp\htdocs\MGOD-LMS\system\Database\BaseConnection.php(729): CodeIgniter\Database\SQLite3\Connection->execute('SELECT COUNT(*)...')
#2 C:\xampp\htdocs\MGOD-LMS\system\Database\BaseConnection.php(646): CodeIgniter\Database\BaseConnection->simpleQuery('SELECT COUNT(*)...')
#3 C:\xampp\htdocs\MGOD-LMS\system\Database\BaseBuilder.php(1649): CodeIgniter\Database\BaseConnection->query('SELECT COUNT(*)...', Array, false)
#4 C:\xampp\htdocs\MGOD-LMS\system\Model.php(925): CodeIgniter\Database\BaseBuilder->get()
#5 C:\xampp\htdocs\MGOD-LMS\app\Models\SubmissionModel.php(289): CodeIgniter\Model->__call('get', Array)
#6 C:\xampp\htdocs\MGOD-LMS\tests\unit\SubmissionModelEnrollmentJoinTest.php(48): App\Models\SubmissionModel->getStudentStats(10, 50)
#7 C:\xampp\htdocs\MGOD-LMS\vendor\phpunit\phpunit\src\Framework\TestCase.php(1667): SubmissionModelEnrollmentJoinTest->testStudentStatsAndLateSubmissionsUseEnrollmentLink()
#8 C:\xampp\htdocs\MGOD-LMS\vendor\phpunit\phpunit\src\Framework\TestCase.php(519): PHPUnit\Framework\TestCase->runTest()
#9 C:\xampp\htdocs\MGOD-LMS\vendor\phpunit\phpunit\src\Framework\TestRunner\TestRunner.php(87): PHPUnit\Framework\TestCase->runBare()
#10 C:\xampp\htdocs\MGOD-LMS\vendor\phpunit\phpunit\src\Framework\TestCase.php(365): PHPUnit\Framework\TestRunner->run(Object(SubmissionModelEnrollmentJoinTest))
#11 C:\xampp\htdocs\MGOD-LMS\vendor\phpunit\phpunit\src\Framework\TestSuite.php(369): PHPUnit\Framework\TestCase->run()
#12 C:\xampp\htdocs\MGOD-LMS\vendor\phpunit\phpunit\src\Framework\TestSuite.php(369): PHPUnit\Framework\TestSuite->run()
#13 C:\xampp\htdocs\MGOD-LMS\vendor\phpunit\phpunit\src\Framework\TestSuite.php(369): PHPUnit\Framework\TestSuite->run()
#14 C:\xampp\htdocs\MGOD-LMS\vendor\phpunit\phpunit\src\TextUI\TestRunner.php(64): PHPUnit\Framework\TestSuite->run()
#15 C:\xampp\htdocs\MGOD-LMS\vendor\phpunit\phpunit\src\TextUI\Application.php(211): PHPUnit\TextUI\TestRunner->run(Object(PHPUnit\TextUI\Configuration\Configuration), Object(PHPUnit\Runner\ResultCache\DefaultResultCache), Object(PHPUnit\Framework\TestSuite))
#16 C:\xampp\htdocs\MGOD-LMS\vendor\phpunit\phpunit\phpunit(104): PHPUnit\TextUI\Application->run(Array)
#17 C:\xampp\htdocs\MGOD-LMS\vendor\bin\phpunit(122): include('C:\\xampp\\htdocs...')
#18 {main}
ERROR - 2026-04-02 15:44:16 --> SQLite3Exception: Unable to prepare statement: no such column: db_submissions.student_id in C:\xampp\htdocs\MGOD-LMS\system\Database\SQLite3\Connection.php:176
Stack trace:
#0 C:\xampp\htdocs\MGOD-LMS\system\Database\SQLite3\Connection.php(176): SQLite3->query('SELECT COUNT(*)...')
#1 C:\xampp\htdocs\MGOD-LMS\system\Database\BaseConnection.php(729): CodeIgniter\Database\SQLite3\Connection->execute('SELECT COUNT(*)...')
#2 C:\xampp\htdocs\MGOD-LMS\system\Database\BaseConnection.php(646): CodeIgniter\Database\BaseConnection->simpleQuery('SELECT COUNT(*)...')
#3 C:\xampp\htdocs\MGOD-LMS\system\Database\BaseBuilder.php(1649): CodeIgniter\Database\BaseConnection->query('SELECT COUNT(*)...', Array, false)
#4 C:\xampp\htdocs\MGOD-LMS\system\Model.php(925): CodeIgniter\Database\BaseBuilder->get()
#5 C:\xampp\htdocs\MGOD-LMS\app\Models\SubmissionModel.php(289): CodeIgniter\Model->__call('get', Array)
#6 C:\xampp\htdocs\MGOD-LMS\tests\unit\SubmissionModelEnrollmentJoinTest.php(52): App\Models\SubmissionModel->getStudentStats(10, 50)
#7 C:\xampp\htdocs\MGOD-LMS\vendor\phpunit\phpunit\src\Framework\TestCase.php(1667): SubmissionModelEnrollmentJoinTest->testStudentStatsAndLateSubmissionsUseEnrollmentLink()
#8 C:\xampp\htdocs\MGOD-LMS\vendor\phpunit\phpunit\src\Framework\TestCase.php(519): PHPUnit\Framework\TestCase->runTest()
#9 C:\xampp\htdocs\MGOD-LMS\vendor\phpunit\phpunit\src\Framework\TestRunner\TestRunner.php(87): PHPUnit\Framework\TestCase->runBare()
#10 C:\xampp\htdocs\MGOD-LMS\vendor\phpunit\phpunit\src\Framework\TestCase.php(365): PHPUnit\Framework\TestRunner->run(Object(SubmissionModelEnrollmentJoinTest))
#11 C:\xampp\htdocs\MGOD-LMS\vendor\phpunit\phpunit\src\Framework\TestSuite.php(369): PHPUnit\Framework\TestCase->run()
#12 C:\xampp\htdocs\MGOD-LMS\vendor\phpunit\phpunit\src\Framework\TestSuite.php(369): PHPUnit\Framework\TestSuite->run()
#13 C:\xampp\htdocs\MGOD-LMS\vendor\phpunit\phpunit\src\Framework\TestSuite.php(369): PHPUnit\Framework\TestSuite->run()
#14 C:\xampp\htdocs\MGOD-LMS\vendor\phpunit\phpunit\src\TextUI\TestRunner.php(64): PHPUnit\Framework\TestSuite->run()
#15 C:\xampp\htdocs\MGOD-LMS\vendor\phpunit\phpunit\src\TextUI\Application.php(211): PHPUnit\TextUI\TestRunner->run(Object(PHPUnit\TextUI\Configuration\Configuration), Object(PHPUnit\Runner\ResultCache\DefaultResultCache), Object(PHPUnit\Framework\TestSuite))
#16 C:\xampp\htdocs\MGOD-LMS\vendor\phpunit\phpunit\phpunit(104): PHPUnit\TextUI\Application->run(Array)
#17 C:\xampp\htdocs\MGOD-LMS\vendor\bin\phpunit(122): include('C:\\xampp\\htdocs...')
#18 {main}
ERROR - 2026-04-02 15:44:16 --> SQLite3Exception: Unable to prepare statement: no such column: student_id in C:\xampp\htdocs\MGOD-LMS\system\Database\SQLite3\Connection.php:176
Stack trace:
#0 C:\xampp\htdocs\MGOD-LMS\system\Database\SQLite3\Connection.php(176): SQLite3->query('SELECT *\nFROM `...')
#1 C:\xampp\htdocs\MGOD-LMS\system\Database\BaseConnection.php(729): CodeIgniter\Database\SQLite3\Connection->execute('SELECT *\nFROM `...')
#2 C:\xampp\htdocs\MGOD-LMS\system\Database\BaseConnection.php(646): CodeIgniter\Database\BaseConnection->simpleQuery('SELECT *\nFROM `...')
#3 C:\xampp\htdocs\MGOD-LMS\system\Database\BaseBuilder.php(1649): CodeIgniter\Database\BaseConnection->query('SELECT *\nFROM `...', Array, false)
#4 C:\xampp\htdocs\MGOD-LMS\system\Model.php(330): CodeIgniter\Database\BaseBuilder->get()
#5 C:\xampp\htdocs\MGOD-LMS\system\BaseModel.php(715): CodeIgniter\Model->doFirst()
#6 C:\xampp\htdocs\MGOD-LMS\app\Models\SubmissionModel.php(170): CodeIgniter\BaseModel->first()
#7 C:\xampp\htdocs\MGOD-LMS\app\Models\SubmissionModel.php(314): App\Models\SubmissionModel->getStudentSubmission(20, 10)
#8 C:\xampp\htdocs\MGOD-LMS\tests\unit\SubmissionModelEnrollmentJoinTest.php(65): App\Models\SubmissionModel->submitAssignment(20, 10, Array)
#9 C:\xampp\htdocs\MGOD-LMS\vendor\phpunit\phpunit\src\Framework\TestCase.php(1667): SubmissionModelEnrollmentJoinTest->testSubmitAssignmentResolvesEnrollmentFromStudentAndCourse()
#10 C:\xampp\htdocs\MGOD-LMS\vendor\phpunit\phpunit\src\Framework\TestCase.php(519): PHPUnit\Framework\TestCase->runTest()
#11 C:\xampp\htdocs\MGOD-LMS\vendor\phpunit\phpunit\src\Framework\TestRunner\TestRunner.php(87): PHPUnit\Framework\TestCase->runBare()
#12 C:\xampp\htdocs\MGOD-LMS\vendor\phpunit\phpunit\src\Framework\TestCase.php(365): PHPUnit\Framework\TestRunner->run(Object(SubmissionModelEnrollmentJoinTest))
#13 C:\xampp\htdocs\MGOD-LMS\vendor\phpunit\phpunit\src\Framework\TestSuite.php(369): PHPUnit\Framework\TestCase->run()
#14 C:\xampp\htdocs\MGOD-LMS\vendor\phpunit\phpunit\src\Framework\TestSuite.php(369): PHPUnit\Framework\TestSuite->run()
#15 C:\xampp\htdocs\MGOD-LMS\vendor\phpunit\phpunit\src\Framework\TestSuite.php(369): PHPUnit\Framework\TestSuite->run()
#16 C:\xampp\htdocs\MGOD-LMS\vendor\phpunit\phpunit\src\TextUI\TestRunner.php(64): PHPUnit\Framework\TestSuite->run()
#17 C:\xampp\htdocs\MGOD-LMS\vendor\phpunit\phpunit\src\TextUI\Application.php(211): PHPUnit\TextUI\TestRunner->run(Object(PHPUnit\TextUI\Configuration\Configuration), Object(PHPUnit\Runner\ResultCache\DefaultResultCache), Object(PHPUnit\Framework\TestSuite))
#18 C:\xampp\htdocs\MGOD-LMS\vendor\phpunit\phpunit\phpunit(104): PHPUnit\TextUI\Application->run(Array)
#19 C:\xampp\htdocs\MGOD-LMS\vendor\bin\phpunit(122): include('C:\\xampp\\htdocs...')
#20 {main}
ERROR - 2026-04-02 15:47:35 --> SubmissionModel grade recalculation failed for submission 30: Undefined array key "term_id"
ERROR - 2026-04-02 15:48:07 --> SubmissionModel grade recalculation failed for submission 30: Undefined array key "term_id"
ERROR - 2026-04-02 15:49:15 --> SQLite3Exception: Unable to prepare statement: no such column: co.section in C:\xampp\htdocs\MGOD-LMS\system\Database\SQLite3\Connection.php:176
Stack trace:
#0 C:\xampp\htdocs\MGOD-LMS\system\Database\SQLite3\Connection.php(176): SQLite3->query('SELECT `db_subm...')
#1 C:\xampp\htdocs\MGOD-LMS\system\Database\BaseConnection.php(729): CodeIgniter\Database\SQLite3\Connection->execute('SELECT `db_subm...')
#2 C:\xampp\htdocs\MGOD-LMS\system\Database\BaseConnection.php(646): CodeIgniter\Database\BaseConnection->simpleQuery('SELECT `db_subm...')
#3 C:\xampp\htdocs\MGOD-LMS\system\Database\BaseBuilder.php(1649): CodeIgniter\Database\BaseConnection->query('SELECT `db_subm...', Array, false)
#4 C:\xampp\htdocs\MGOD-LMS\system\Model.php(286): CodeIgniter\Database\BaseBuilder->get()
#5 C:\xampp\htdocs\MGOD-LMS\system\BaseModel.php(677): CodeIgniter\Model->doFindAll(0, 0)
#6 C:\xampp\htdocs\MGOD-LMS\app\Models\SubmissionModel.php(222): CodeIgniter\BaseModel->findAll()
#7 C:\xampp\htdocs\MGOD-LMS\tests\unit\SubmissionModelEnrollmentJoinTest.php(40): App\Models\SubmissionModel->getPendingSubmissions()
#8 C:\xampp\htdocs\MGOD-LMS\vendor\phpunit\phpunit\src\Framework\TestCase.php(1667): SubmissionModelEnrollmentJoinTest->testStudentSubmissionQueriesUseEnrollmentLink()
#9 C:\xampp\htdocs\MGOD-LMS\vendor\phpunit\phpunit\src\Framework\TestCase.php(519): PHPUnit\Framework\TestCase->runTest()
#10 C:\xampp\htdocs\MGOD-LMS\vendor\phpunit\phpunit\src\Framework\TestRunner\TestRunner.php(87): PHPUnit\Framework\TestCase->runBare()
#11 C:\xampp\htdocs\MGOD-LMS\vendor\phpunit\phpunit\src\Framework\TestCase.php(365): PHPUnit\Framework\TestRunner->run(Object(SubmissionModelEnrollmentJoinTest))
#12 C:\xampp\htdocs\MGOD-LMS\vendor\phpunit\phpunit\src\Framework\TestSuite.php(369): PHPUnit\Framework\TestCase->run()
#13 C:\xampp\htdocs\MGOD-LMS\vendor\phpunit\phpunit\src\Framework\TestSuite.php(369): PHPUnit\Framework\TestSuite->run()
#14 C:\xampp\htdocs\MGOD-LMS\vendor\phpunit\phpunit\src\Framework\TestSuite.php(369): PHPUnit\Framework\TestSuite->run()
#15 C:\xampp\htdocs\MGOD-LMS\vendor\phpunit\phpunit\src\TextUI\TestRunner.php(64): PHPUnit\Framework\TestSuite->run()
#16 C:\xampp\htdocs\MGOD-LMS\vendor\phpunit\phpunit\src\TextUI\Application.php(211): PHPUnit\TextUI\TestRunner->run(Object(PHPUnit\TextUI\Configuration\Configuration), Object(PHPUnit\Runner\ResultCache\DefaultResultCache), Object(PHPUnit\Framework\TestSuite))
#17 C:\xampp\htdocs\MGOD-LMS\vendor\phpunit\phpunit\phpunit(104): PHPUnit\TextUI\Application->run(Array)
#18 C:\xampp\htdocs\MGOD-LMS\vendor\bin\phpunit(122): include('C:\\xampp\\htdocs...')
#19 {main}
ERROR - 2026-04-02 15:49:15 --> SubmissionModel grade recalculation failed for submission 30: Undefined array key "term_id"
ERROR - 2026-04-02 15:49:40 --> SubmissionModel grade recalculation failed for submission 30: Undefined array key "term_id"
